2025-03-18 15:32:14,205 - __main__ - ERROR - main.py:48 - Erreur de validation: 2 validation errors for UserRegistration
email
  value is not a valid email address: An email address must have an @-sign. [type=value_error, input_value='ekko', input_type=str]
password
  String should have at least 8 characters [type=string_too_short, input_value='kol', input_type=str]
    For further information visit https://errors.pydantic.dev/2.8/v/string_too_short
2025-03-19 00:00:21,927 - __main__ - ERROR - main.py:48 - Erreur de validation: 1 validation error for UserRegistration
password
  Value error, Le mot de passe doit contenir au moins une lettre majuscule [type=value_error, input_value='azertyuiop', input_type=str]
    For further information visit https://errors.pydantic.dev/2.10/v/value_error
2025-03-19 00:01:56,338 - __main__ - ERROR - main.py:48 - Erreur de validation: 1 validation error for UserRegistration
password
  Value error, Le mot de passe doit contenir au moins un chiffre [type=value_error, input_value='Azertyuiop', input_type=str]
    For further information visit https://errors.pydantic.dev/2.10/v/value_error
2025-03-19 00:03:57,044 - __main__ - ERROR - main.py:48 - Erreur de validation: 1 validation error for UserRegistration
password
  Value error, Le mot de passe doit contenir au moins un chiffre [type=value_error, input_value='Azertyuiop@', input_type=str]
    For further information visit https://errors.pydantic.dev/2.10/v/value_error
2025-03-19 01:22:05,096 - database - ERROR - database.py:74 - L'utilisateur mohamed belannab ou l'email mohamed@gmail.com existe déjà
2025-03-19 01:22:05,097 - __main__ - ERROR - 452515594.py:48 - Erreur de validation: L'utilisateur mohamed belannab ou l'email mohamed@gmail.com existe déjà
