2025-01-12 12:56:51,651 - INFO - Running load_data with arguments (<__main__.DataPipeline object at 0x00000154D87C9670>,) {}
2025-01-12 12:56:51,677 - INFO - load_data completed successfully.
2025-01-12 12:56:51,677 - INFO - Running preprocess_data with arguments (<__main__.DataPipeline object at 0x00000154D87C9670>,) {}
2025-01-12 12:56:51,677 - INFO - preprocess_data completed successfully.
2025-01-12 12:56:51,677 - INFO - Running split_data with arguments (<__main__.DataPipeline object at 0x00000154D87C9670>,) {'test_size': 0.2}
2025-01-12 12:56:51,690 - INFO - split_data completed successfully.
2025-01-12 12:56:51,704 - INFO - Running wrapper with arguments (<__main__.RandomForestModel object at 0x00000154D87CAED0>,    feature1  feature2  feature3  feature4
0  0.374540  2.378596  1.068571  0.773856
7  0.866176  0.173258  0.904170  1.169807
2  0.731994  2.123425  0.599406  0.084544
4  0.156019  2.862336  0.296391  1.194115
3  0.598658  0.299509  1.188251  0.991677
6  0.058084  0.346888  0.354275  0.741358, 0    1
7    1
2    0
4    1
3    0
6    1
Name: target, dtype: int64) {}
2025-01-12 12:56:51,837 - INFO - wrapper completed successfully.
2025-01-12 12:56:51,838 - INFO - Running evaluate with arguments (<__main__.RandomForestModel object at 0x00000154D87CAED0>,    feature1  feature2  feature3  feature4
1  0.950714  0.405175  0.836367  0.046878
5  0.155995  1.220905  1.526876  0.953861, 1    0
5    0
Name: target, dtype: int64) {}
2025-01-12 12:56:51,839 - INFO - Running wrapper with arguments (<__main__.RandomForestModel object at 0x00000154D87CAED0>,    feature1  feature2  feature3  feature4
1  0.950714  0.405175  0.836367  0.046878
5  0.155995  1.220905  1.526876  0.953861) {}
2025-01-12 12:56:51,845 - INFO - wrapper completed successfully.
2025-01-12 12:56:51,846 - INFO - evaluate completed successfully.
2025-01-12 12:56:51,849 - INFO - Running wrapper with arguments (<__main__.SVMModel object at 0x00000154F8B8A8D0>,    feature1  feature2  feature3  feature4
0  0.374540  2.378596  1.068571  0.773856
7  0.866176  0.173258  0.904170  1.169807
2  0.731994  2.123425  0.599406  0.084544
4  0.156019  2.862336  0.296391  1.194115
3  0.598658  0.299509  1.188251  0.991677
6  0.058084  0.346888  0.354275  0.741358, 0    1
7    1
2    0
4    1
3    0
6    1
Name: target, dtype: int64) {}
2025-01-12 12:56:51,853 - INFO - wrapper completed successfully.
2025-01-12 12:56:51,855 - INFO - Running wrapper with arguments (<__main__.SVMModel object at 0x00000154F8B8A8D0>,    feature1  feature2  feature3  feature4
1  0.950714  0.405175  0.836367  0.046878
5  0.155995  1.220905  1.526876  0.953861) {}
2025-01-12 12:56:51,856 - INFO - wrapper completed successfully.
2025-01-12 12:57:46,473 - INFO - Running load_data with arguments (<__main__.DataPipeline object at 0x00000154F8BE7BF0>,) {}
2025-01-12 12:57:46,477 - INFO - load_data completed successfully.
2025-01-12 12:57:46,477 - INFO - Running preprocess_data with arguments (<__main__.DataPipeline object at 0x00000154F8BE7BF0>,) {}
2025-01-12 12:57:46,479 - INFO - preprocess_data completed successfully.
2025-01-12 12:57:46,479 - INFO - Running split_data with arguments (<__main__.DataPipeline object at 0x00000154F8BE7BF0>,) {'test_size': 0.2}
2025-01-12 12:57:46,481 - INFO - split_data completed successfully.
2025-01-12 12:57:46,488 - INFO - Running wrapper with arguments (<__main__.RandomForestModel object at 0x00000154F8ECBF80>,    feature1  feature2  feature3  feature4
0  0.374540  2.378596  1.068571  0.773856
7  0.866176  0.173258  0.904170  1.169807
2  0.731994  2.123425  0.599406  0.084544
4  0.156019  2.862336  0.296391  1.194115
3  0.598658  0.299509  1.188251  0.991677
6  0.058084  0.346888  0.354275  0.741358, 0    1
7    1
2    0
4    1
3    0
6    1
Name: target, dtype: int64) {}
2025-01-12 12:57:46,634 - INFO - wrapper completed successfully.
2025-01-12 12:57:46,636 - INFO - Running evaluate with arguments (<__main__.RandomForestModel object at 0x00000154F8ECBF80>,    feature1  feature2  feature3  feature4
1  0.950714  0.405175  0.836367  0.046878
5  0.155995  1.220905  1.526876  0.953861, 1    0
5    0
Name: target, dtype: int64) {}
2025-01-12 12:57:46,638 - INFO - Running wrapper with arguments (<__main__.RandomForestModel object at 0x00000154F8ECBF80>,    feature1  feature2  feature3  feature4
1  0.950714  0.405175  0.836367  0.046878
5  0.155995  1.220905  1.526876  0.953861) {}
2025-01-12 12:57:46,645 - INFO - wrapper completed successfully.
2025-01-12 12:57:46,645 - INFO - evaluate completed successfully.
2025-01-12 12:57:46,648 - INFO - Running wrapper with arguments (<__main__.SVMModel object at 0x00000154F8AE43E0>,    feature1  feature2  feature3  feature4
0  0.374540  2.378596  1.068571  0.773856
7  0.866176  0.173258  0.904170  1.169807
2  0.731994  2.123425  0.599406  0.084544
4  0.156019  2.862336  0.296391  1.194115
3  0.598658  0.299509  1.188251  0.991677
6  0.058084  0.346888  0.354275  0.741358, 0    1
7    1
2    0
4    1
3    0
6    1
Name: target, dtype: int64) {}
2025-01-12 12:57:46,650 - INFO - wrapper completed successfully.
2025-01-12 12:57:46,652 - INFO - Running wrapper with arguments (<__main__.SVMModel object at 0x00000154F8AE43E0>,    feature1  feature2  feature3  feature4
1  0.950714  0.405175  0.836367  0.046878
5  0.155995  1.220905  1.526876  0.953861) {}
2025-01-12 12:57:46,652 - INFO - wrapper completed successfully.
2025-01-12 12:58:00,089 - INFO - Running load_data with arguments (<__main__.DataPipeline object at 0x00000154F9267680>,) {}
2025-01-12 12:58:00,092 - INFO - load_data completed successfully.
2025-01-12 12:58:00,092 - INFO - Running preprocess_data with arguments (<__main__.DataPipeline object at 0x00000154F9267680>,) {}
2025-01-12 12:58:00,093 - INFO - preprocess_data completed successfully.
2025-01-12 12:58:00,094 - INFO - Running split_data with arguments (<__main__.DataPipeline object at 0x00000154F9267680>,) {'test_size': 0.2}
2025-01-12 12:58:00,096 - INFO - split_data completed successfully.
2025-01-12 12:58:00,100 - INFO - Running wrapper with arguments (<__main__.RandomForestModel object at 0x00000154F9267AA0>,    feature1  feature2  feature3  feature4
0  0.374540  2.378596  1.068571  0.773856
7  0.866176  0.173258  0.904170  1.169807
2  0.731994  2.123425  0.599406  0.084544
4  0.156019  2.862336  0.296391  1.194115
3  0.598658  0.299509  1.188251  0.991677
6  0.058084  0.346888  0.354275  0.741358, 0    1
7    1
2    0
4    1
3    0
6    1
Name: target, dtype: int64) {}
2025-01-12 12:58:00,240 - INFO - wrapper completed successfully.
2025-01-12 12:58:00,241 - INFO - Running evaluate with arguments (<__main__.RandomForestModel object at 0x00000154F9267AA0>,    feature1  feature2  feature3  feature4
1  0.950714  0.405175  0.836367  0.046878
5  0.155995  1.220905  1.526876  0.953861, 1    0
5    0
Name: target, dtype: int64) {}
2025-01-12 12:58:00,243 - INFO - Running wrapper with arguments (<__main__.RandomForestModel object at 0x00000154F9267AA0>,    feature1  feature2  feature3  feature4
1  0.950714  0.405175  0.836367  0.046878
5  0.155995  1.220905  1.526876  0.953861) {}
2025-01-12 12:58:00,250 - INFO - wrapper completed successfully.
2025-01-12 12:58:00,251 - INFO - evaluate completed successfully.
2025-01-12 12:58:00,253 - INFO - Running wrapper with arguments (<__main__.SVMModel object at 0x00000154F8ECB9E0>,    feature1  feature2  feature3  feature4
0  0.374540  2.378596  1.068571  0.773856
7  0.866176  0.173258  0.904170  1.169807
2  0.731994  2.123425  0.599406  0.084544
4  0.156019  2.862336  0.296391  1.194115
3  0.598658  0.299509  1.188251  0.991677
6  0.058084  0.346888  0.354275  0.741358, 0    1
7    1
2    0
4    1
3    0
6    1
Name: target, dtype: int64) {}
2025-01-12 12:58:00,254 - INFO - wrapper completed successfully.
2025-01-12 12:58:00,256 - INFO - Running wrapper with arguments (<__main__.SVMModel object at 0x00000154F8ECB9E0>,    feature1  feature2  feature3  feature4
1  0.950714  0.405175  0.836367  0.046878
5  0.155995  1.220905  1.526876  0.953861) {}
2025-01-12 12:58:00,257 - INFO - wrapper completed successfully.
2025-01-12 12:58:36,798 - INFO - Running load_data with arguments (<__main__.DataPipeline object at 0x00000154F9271AC0>,) {}
2025-01-12 12:58:36,801 - INFO - load_data completed successfully.
2025-01-12 12:58:36,801 - INFO - Running preprocess_data with arguments (<__main__.DataPipeline object at 0x00000154F9271AC0>,) {}
2025-01-12 12:58:36,801 - INFO - preprocess_data completed successfully.
2025-01-12 12:58:36,803 - INFO - Running split_data with arguments (<__main__.DataPipeline object at 0x00000154F9271AC0>,) {'test_size': 0.2}
2025-01-12 12:58:36,805 - INFO - split_data completed successfully.
2025-01-12 12:58:36,809 - INFO - Running wrapper with arguments (<__main__.RandomForestModel object at 0x00000154F9286A50>,    feature1  feature2  feature3  feature4
0  0.374540  2.378596  1.068571  0.773856
7  0.866176  0.173258  0.904170  1.169807
2  0.731994  2.123425  0.599406  0.084544
4  0.156019  2.862336  0.296391  1.194115
3  0.598658  0.299509  1.188251  0.991677
6  0.058084  0.346888  0.354275  0.741358, 0    1
7    1
2    0
4    1
3    0
6    1
Name: target, dtype: int64) {}
2025-01-12 12:58:36,950 - INFO - wrapper completed successfully.
2025-01-12 12:58:36,952 - INFO - Running evaluate with arguments (<__main__.RandomForestModel object at 0x00000154F9286A50>,    feature1  feature2  feature3  feature4
1  0.950714  0.405175  0.836367  0.046878
5  0.155995  1.220905  1.526876  0.953861, 1    0
5    0
Name: target, dtype: int64) {}
2025-01-12 12:58:36,954 - INFO - Running wrapper with arguments (<__main__.RandomForestModel object at 0x00000154F9286A50>,    feature1  feature2  feature3  feature4
1  0.950714  0.405175  0.836367  0.046878
5  0.155995  1.220905  1.526876  0.953861) {}
2025-01-12 12:58:36,961 - INFO - wrapper completed successfully.
2025-01-12 12:58:36,961 - INFO - evaluate completed successfully.
2025-01-12 12:58:36,963 - INFO - Running wrapper with arguments (<__main__.SVMModel object at 0x00000154F87BDE80>,    feature1  feature2  feature3  feature4
0  0.374540  2.378596  1.068571  0.773856
7  0.866176  0.173258  0.904170  1.169807
2  0.731994  2.123425  0.599406  0.084544
4  0.156019  2.862336  0.296391  1.194115
3  0.598658  0.299509  1.188251  0.991677
6  0.058084  0.346888  0.354275  0.741358, 0    1
7    1
2    0
4    1
3    0
6    1
Name: target, dtype: int64) {}
2025-01-12 12:58:36,965 - INFO - wrapper completed successfully.
2025-01-12 12:58:36,967 - INFO - Running wrapper with arguments (<__main__.SVMModel object at 0x00000154F87BDE80>,    feature1  feature2  feature3  feature4
1  0.950714  0.405175  0.836367  0.046878
5  0.155995  1.220905  1.526876  0.953861) {}
2025-01-12 12:58:36,968 - INFO - wrapper completed successfully.
2025-01-12 12:58:59,532 - INFO - Running load_data with arguments (<__main__.DataPipeline object at 0x00000154F92B4E90>,) {}
2025-01-12 12:58:59,535 - INFO - load_data completed successfully.
2025-01-12 12:58:59,536 - INFO - Running preprocess_data with arguments (<__main__.DataPipeline object at 0x00000154F92B4E90>,) {}
2025-01-12 12:58:59,538 - INFO - preprocess_data completed successfully.
2025-01-12 12:58:59,538 - INFO - Running split_data with arguments (<__main__.DataPipeline object at 0x00000154F92B4E90>,) {'test_size': 0.2}
2025-01-12 12:58:59,541 - INFO - split_data completed successfully.
2025-01-12 12:58:59,546 - INFO - Running wrapper with arguments (<__main__.RandomForestModel object at 0x00000154F87BD160>,    feature1  feature2  feature3  feature4
0  0.374540  2.378596  1.068571  0.773856
7  0.866176  0.173258  0.904170  1.169807
2  0.731994  2.123425  0.599406  0.084544
4  0.156019  2.862336  0.296391  1.194115
3  0.598658  0.299509  1.188251  0.991677
6  0.058084  0.346888  0.354275  0.741358, 0    1
7    1
2    0
4    1
3    0
6    1
Name: target, dtype: int64) {}
2025-01-12 12:58:59,693 - INFO - wrapper completed successfully.
2025-01-12 12:58:59,694 - INFO - Running evaluate with arguments (<__main__.RandomForestModel object at 0x00000154F87BD160>,    feature1  feature2  feature3  feature4
1  0.950714  0.405175  0.836367  0.046878
5  0.155995  1.220905  1.526876  0.953861, 1    0
5    0
Name: target, dtype: int64) {}
2025-01-12 12:58:59,697 - INFO - Running wrapper with arguments (<__main__.RandomForestModel object at 0x00000154F87BD160>,    feature1  feature2  feature3  feature4
1  0.950714  0.405175  0.836367  0.046878
5  0.155995  1.220905  1.526876  0.953861) {}
2025-01-12 12:58:59,704 - INFO - wrapper completed successfully.
2025-01-12 12:58:59,705 - INFO - evaluate completed successfully.
2025-01-12 12:58:59,706 - INFO - Running wrapper with arguments (<__main__.SVMModel object at 0x00000154F87A2E40>,    feature1  feature2  feature3  feature4
0  0.374540  2.378596  1.068571  0.773856
7  0.866176  0.173258  0.904170  1.169807
2  0.731994  2.123425  0.599406  0.084544
4  0.156019  2.862336  0.296391  1.194115
3  0.598658  0.299509  1.188251  0.991677
6  0.058084  0.346888  0.354275  0.741358, 0    1
7    1
2    0
4    1
3    0
6    1
Name: target, dtype: int64) {}
2025-01-12 12:58:59,708 - INFO - wrapper completed successfully.
2025-01-12 12:58:59,709 - INFO - Running wrapper with arguments (<__main__.SVMModel object at 0x00000154F87A2E40>,    feature1  feature2  feature3  feature4
1  0.950714  0.405175  0.836367  0.046878
5  0.155995  1.220905  1.526876  0.953861) {}
2025-01-12 12:58:59,710 - INFO - wrapper completed successfully.
2025-01-12 12:59:06,943 - INFO - Running load_data with arguments (<__main__.DataPipeline object at 0x00000154F87A2E70>,) {}
2025-01-12 12:59:06,946 - INFO - load_data completed successfully.
2025-01-12 12:59:06,946 - INFO - Running preprocess_data with arguments (<__main__.DataPipeline object at 0x00000154F87A2E70>,) {}
2025-01-12 12:59:06,948 - INFO - preprocess_data completed successfully.
2025-01-12 12:59:06,948 - INFO - Running split_data with arguments (<__main__.DataPipeline object at 0x00000154F87A2E70>,) {'test_size': 0.2}
2025-01-12 12:59:06,952 - INFO - split_data completed successfully.
2025-01-12 12:59:06,957 - INFO - Running wrapper with arguments (<__main__.RandomForestModel object at 0x00000154F92B2390>,    feature1  feature2  feature3  feature4
0  0.374540  2.378596  1.068571  0.773856
7  0.866176  0.173258  0.904170  1.169807
2  0.731994  2.123425  0.599406  0.084544
4  0.156019  2.862336  0.296391  1.194115
3  0.598658  0.299509  1.188251  0.991677
6  0.058084  0.346888  0.354275  0.741358, 0    1
7    1
2    0
4    1
3    0
6    1
Name: target, dtype: int64) {}
2025-01-12 12:59:07,098 - INFO - wrapper completed successfully.
2025-01-12 12:59:07,099 - INFO - Running evaluate with arguments (<__main__.RandomForestModel object at 0x00000154F92B2390>,    feature1  feature2  feature3  feature4
1  0.950714  0.405175  0.836367  0.046878
5  0.155995  1.220905  1.526876  0.953861, 1    0
5    0
Name: target, dtype: int64) {}
2025-01-12 12:59:07,102 - INFO - Running wrapper with arguments (<__main__.RandomForestModel object at 0x00000154F92B2390>,    feature1  feature2  feature3  feature4
1  0.950714  0.405175  0.836367  0.046878
5  0.155995  1.220905  1.526876  0.953861) {}
2025-01-12 12:59:07,109 - INFO - wrapper completed successfully.
2025-01-12 12:59:07,109 - INFO - evaluate completed successfully.
2025-01-12 12:59:07,111 - INFO - Running wrapper with arguments (<__main__.SVMModel object at 0x00000154F87BD160>,    feature1  feature2  feature3  feature4
0  0.374540  2.378596  1.068571  0.773856
7  0.866176  0.173258  0.904170  1.169807
2  0.731994  2.123425  0.599406  0.084544
4  0.156019  2.862336  0.296391  1.194115
3  0.598658  0.299509  1.188251  0.991677
6  0.058084  0.346888  0.354275  0.741358, 0    1
7    1
2    0
4    1
3    0
6    1
Name: target, dtype: int64) {}
2025-01-12 12:59:07,112 - INFO - wrapper completed successfully.
2025-01-12 12:59:07,114 - INFO - Running wrapper with arguments (<__main__.SVMModel object at 0x00000154F87BD160>,    feature1  feature2  feature3  feature4
1  0.950714  0.405175  0.836367  0.046878
5  0.155995  1.220905  1.526876  0.953861) {}
2025-01-12 12:59:07,115 - INFO - wrapper completed successfully.
2025-01-12 12:59:07,993 - INFO - Running load_data with arguments (<__main__.DataPipeline object at 0x00000154F8E63FE0>,) {}
2025-01-12 12:59:07,996 - INFO - load_data completed successfully.
2025-01-12 12:59:07,996 - INFO - Running preprocess_data with arguments (<__main__.DataPipeline object at 0x00000154F8E63FE0>,) {}
2025-01-12 12:59:07,997 - INFO - preprocess_data completed successfully.
2025-01-12 12:59:07,997 - INFO - Running split_data with arguments (<__main__.DataPipeline object at 0x00000154F8E63FE0>,) {'test_size': 0.2}
2025-01-12 12:59:08,000 - INFO - split_data completed successfully.
2025-01-12 12:59:08,004 - INFO - Running wrapper with arguments (<__main__.RandomForestModel object at 0x00000154F8E2C410>,    feature1  feature2  feature3  feature4
0  0.374540  2.378596  1.068571  0.773856
7  0.866176  0.173258  0.904170  1.169807
2  0.731994  2.123425  0.599406  0.084544
4  0.156019  2.862336  0.296391  1.194115
3  0.598658  0.299509  1.188251  0.991677
6  0.058084  0.346888  0.354275  0.741358, 0    1
7    1
2    0
4    1
3    0
6    1
Name: target, dtype: int64) {}
2025-01-12 12:59:08,148 - INFO - wrapper completed successfully.
2025-01-12 12:59:08,151 - INFO - Running evaluate with arguments (<__main__.RandomForestModel object at 0x00000154F8E2C410>,    feature1  feature2  feature3  feature4
1  0.950714  0.405175  0.836367  0.046878
5  0.155995  1.220905  1.526876  0.953861, 1    0
5    0
Name: target, dtype: int64) {}
2025-01-12 12:59:08,153 - INFO - Running wrapper with arguments (<__main__.RandomForestModel object at 0x00000154F8E2C410>,    feature1  feature2  feature3  feature4
1  0.950714  0.405175  0.836367  0.046878
5  0.155995  1.220905  1.526876  0.953861) {}
2025-01-12 12:59:08,160 - INFO - wrapper completed successfully.
2025-01-12 12:59:08,160 - INFO - evaluate completed successfully.
2025-01-12 12:59:08,162 - INFO - Running wrapper with arguments (<__main__.SVMModel object at 0x00000154F8B881A0>,    feature1  feature2  feature3  feature4
0  0.374540  2.378596  1.068571  0.773856
7  0.866176  0.173258  0.904170  1.169807
2  0.731994  2.123425  0.599406  0.084544
4  0.156019  2.862336  0.296391  1.194115
3  0.598658  0.299509  1.188251  0.991677
6  0.058084  0.346888  0.354275  0.741358, 0    1
7    1
2    0
4    1
3    0
6    1
Name: target, dtype: int64) {}
2025-01-12 12:59:08,164 - INFO - wrapper completed successfully.
2025-01-12 12:59:08,165 - INFO - Running wrapper with arguments (<__main__.SVMModel object at 0x00000154F8B881A0>,    feature1  feature2  feature3  feature4
1  0.950714  0.405175  0.836367  0.046878
5  0.155995  1.220905  1.526876  0.953861) {}
2025-01-12 12:59:08,167 - INFO - wrapper completed successfully.
2025-01-12 12:59:15,732 - INFO - Running load_data with arguments (<__main__.DataPipeline object at 0x00000154F92B33E0>,) {}
2025-01-12 12:59:15,736 - INFO - load_data completed successfully.
2025-01-12 12:59:15,736 - INFO - Running preprocess_data with arguments (<__main__.DataPipeline object at 0x00000154F92B33E0>,) {}
2025-01-12 12:59:15,737 - INFO - preprocess_data completed successfully.
2025-01-12 12:59:15,737 - INFO - Running split_data with arguments (<__main__.DataPipeline object at 0x00000154F92B33E0>,) {'test_size': 0.2}
2025-01-12 12:59:15,739 - INFO - split_data completed successfully.
2025-01-12 12:59:15,743 - INFO - Running wrapper with arguments (<__main__.RandomForestModel object at 0x00000154F87A2E70>,    feature1  feature2  feature3  feature4
0  0.374540  2.378596  1.068571  0.773856
7  0.866176  0.173258  0.904170  1.169807
2  0.731994  2.123425  0.599406  0.084544
4  0.156019  2.862336  0.296391  1.194115
3  0.598658  0.299509  1.188251  0.991677
6  0.058084  0.346888  0.354275  0.741358, 0    1
7    1
2    0
4    1
3    0
6    1
Name: target, dtype: int64) {}
2025-01-12 12:59:15,885 - INFO - wrapper completed successfully.
2025-01-12 12:59:15,887 - INFO - Running evaluate with arguments (<__main__.RandomForestModel object at 0x00000154F87A2E70>,    feature1  feature2  feature3  feature4
1  0.950714  0.405175  0.836367  0.046878
5  0.155995  1.220905  1.526876  0.953861, 1    0
5    0
Name: target, dtype: int64) {}
2025-01-12 12:59:15,888 - INFO - Running wrapper with arguments (<__main__.RandomForestModel object at 0x00000154F87A2E70>,    feature1  feature2  feature3  feature4
1  0.950714  0.405175  0.836367  0.046878
5  0.155995  1.220905  1.526876  0.953861) {}
2025-01-12 12:59:15,895 - INFO - wrapper completed successfully.
2025-01-12 12:59:15,896 - INFO - evaluate completed successfully.
2025-01-12 12:59:15,898 - INFO - Running wrapper with arguments (<__main__.SVMModel object at 0x00000154F8B8B080>,    feature1  feature2  feature3  feature4
0  0.374540  2.378596  1.068571  0.773856
7  0.866176  0.173258  0.904170  1.169807
2  0.731994  2.123425  0.599406  0.084544
4  0.156019  2.862336  0.296391  1.194115
3  0.598658  0.299509  1.188251  0.991677
6  0.058084  0.346888  0.354275  0.741358, 0    1
7    1
2    0
4    1
3    0
6    1
Name: target, dtype: int64) {}
2025-01-12 12:59:15,899 - INFO - wrapper completed successfully.
2025-01-12 12:59:15,901 - INFO - Running wrapper with arguments (<__main__.SVMModel object at 0x00000154F8B8B080>,    feature1  feature2  feature3  feature4
1  0.950714  0.405175  0.836367  0.046878
5  0.155995  1.220905  1.526876  0.953861) {}
2025-01-12 12:59:15,903 - INFO - wrapper completed successfully.
2025-01-12 12:59:16,827 - INFO - Running load_data with arguments (<__main__.DataPipeline object at 0x00000154F87A2EA0>,) {}
2025-01-12 12:59:16,830 - INFO - load_data completed successfully.
2025-01-12 12:59:16,830 - INFO - Running preprocess_data with arguments (<__main__.DataPipeline object at 0x00000154F87A2EA0>,) {}
2025-01-12 12:59:16,831 - INFO - preprocess_data completed successfully.
2025-01-12 12:59:16,831 - INFO - Running split_data with arguments (<__main__.DataPipeline object at 0x00000154F87A2EA0>,) {'test_size': 0.2}
2025-01-12 12:59:16,833 - INFO - split_data completed successfully.
2025-01-12 12:59:16,837 - INFO - Running wrapper with arguments (<__main__.RandomForestModel object at 0x00000154F8E63FE0>,    feature1  feature2  feature3  feature4
0  0.374540  2.378596  1.068571  0.773856
7  0.866176  0.173258  0.904170  1.169807
2  0.731994  2.123425  0.599406  0.084544
4  0.156019  2.862336  0.296391  1.194115
3  0.598658  0.299509  1.188251  0.991677
6  0.058084  0.346888  0.354275  0.741358, 0    1
7    1
2    0
4    1
3    0
6    1
Name: target, dtype: int64) {}
2025-01-12 12:59:16,977 - INFO - wrapper completed successfully.
2025-01-12 12:59:16,979 - INFO - Running evaluate with arguments (<__main__.RandomForestModel object at 0x00000154F8E63FE0>,    feature1  feature2  feature3  feature4
1  0.950714  0.405175  0.836367  0.046878
5  0.155995  1.220905  1.526876  0.953861, 1    0
5    0
Name: target, dtype: int64) {}
2025-01-12 12:59:16,980 - INFO - Running wrapper with arguments (<__main__.RandomForestModel object at 0x00000154F8E63FE0>,    feature1  feature2  feature3  feature4
1  0.950714  0.405175  0.836367  0.046878
5  0.155995  1.220905  1.526876  0.953861) {}
2025-01-12 12:59:16,990 - INFO - wrapper completed successfully.
2025-01-12 12:59:16,991 - INFO - evaluate completed successfully.
2025-01-12 12:59:16,993 - INFO - Running wrapper with arguments (<__main__.SVMModel object at 0x00000154F8ECAC60>,    feature1  feature2  feature3  feature4
0  0.374540  2.378596  1.068571  0.773856
7  0.866176  0.173258  0.904170  1.169807
2  0.731994  2.123425  0.599406  0.084544
4  0.156019  2.862336  0.296391  1.194115
3  0.598658  0.299509  1.188251  0.991677
6  0.058084  0.346888  0.354275  0.741358, 0    1
7    1
2    0
4    1
3    0
6    1
Name: target, dtype: int64) {}
2025-01-12 12:59:16,994 - INFO - wrapper completed successfully.
2025-01-12 12:59:16,996 - INFO - Running wrapper with arguments (<__main__.SVMModel object at 0x00000154F8ECAC60>,    feature1  feature2  feature3  feature4
1  0.950714  0.405175  0.836367  0.046878
5  0.155995  1.220905  1.526876  0.953861) {}
2025-01-12 12:59:16,997 - INFO - wrapper completed successfully.
2025-01-12 13:05:54,345 - INFO - Running load_data with arguments (<__main__.DataPipeline object at 0x00000154F92B34D0>,) {}
2025-01-12 13:05:54,346 - INFO - load_data completed successfully.
2025-01-12 13:05:54,348 - INFO - Running preprocess_data with arguments (<__main__.DataPipeline object at 0x00000154F92B34D0>,) {}
2025-01-12 13:05:54,348 - INFO - preprocess_data completed successfully.
2025-01-12 13:05:54,348 - INFO - Running split_data with arguments (<__main__.DataPipeline object at 0x00000154F92B34D0>,) {'test_size': 0.2}
2025-01-12 13:05:54,350 - INFO - split_data completed successfully.
2025-01-12 13:05:54,354 - INFO - Running wrapper with arguments (<__main__.RandomForestModel object at 0x00000154F8E94890>,    feature1  feature2  feature3  feature4
0  0.374540  2.378596  1.068571  0.773856
7  0.866176  0.173258  0.904170  1.169807
2  0.731994  2.123425  0.599406  0.084544
4  0.156019  2.862336  0.296391  1.194115
3  0.598658  0.299509  1.188251  0.991677
6  0.058084  0.346888  0.354275  0.741358, 0    1
7    1
2    0
4    1
3    0
6    1
Name: target, dtype: int64) {}
2025-01-12 13:05:54,523 - INFO - wrapper completed successfully.
2025-01-12 13:05:54,525 - INFO - Running evaluate with arguments (<__main__.RandomForestModel object at 0x00000154F8E94890>,    feature1  feature2  feature3  feature4
1  0.950714  0.405175  0.836367  0.046878
5  0.155995  1.220905  1.526876  0.953861, 1    0
5    0
Name: target, dtype: int64) {}
2025-01-12 13:05:54,526 - INFO - Running wrapper with arguments (<__main__.RandomForestModel object at 0x00000154F8E94890>,    feature1  feature2  feature3  feature4
1  0.950714  0.405175  0.836367  0.046878
5  0.155995  1.220905  1.526876  0.953861) {}
2025-01-12 13:05:54,534 - INFO - wrapper completed successfully.
2025-01-12 13:05:54,534 - INFO - evaluate completed successfully.
2025-01-12 13:05:54,536 - INFO - Running wrapper with arguments (<__main__.SVMModel object at 0x00000154F87BD160>,    feature1  feature2  feature3  feature4
0  0.374540  2.378596  1.068571  0.773856
7  0.866176  0.173258  0.904170  1.169807
2  0.731994  2.123425  0.599406  0.084544
4  0.156019  2.862336  0.296391  1.194115
3  0.598658  0.299509  1.188251  0.991677
6  0.058084  0.346888  0.354275  0.741358, 0    1
7    1
2    0
4    1
3    0
6    1
Name: target, dtype: int64) {}
2025-01-12 13:05:54,537 - INFO - wrapper completed successfully.
2025-01-12 13:05:54,539 - INFO - Running wrapper with arguments (<__main__.SVMModel object at 0x00000154F87BD160>,    feature1  feature2  feature3  feature4
1  0.950714  0.405175  0.836367  0.046878
5  0.155995  1.220905  1.526876  0.953861) {}
2025-01-12 13:05:54,540 - INFO - wrapper completed successfully.
2025-01-12 13:43:59,071 - INFO - Running load_data with arguments (<__main__.DataPipeline object at 0x00000231164FB710>,) {}
2025-01-12 13:43:59,076 - INFO - load_data completed successfully.
2025-01-12 13:43:59,076 - INFO - Running preprocess_data with arguments (<__main__.DataPipeline object at 0x00000231164FB710>,) {}
2025-01-12 13:43:59,076 - INFO - preprocess_data completed successfully.
2025-01-12 13:43:59,076 - INFO - Running split_data with arguments (<__main__.DataPipeline object at 0x00000231164FB710>,) {'test_size': 0.2}
2025-01-12 13:43:59,084 - INFO - split_data completed successfully.
2025-01-12 13:43:59,088 - INFO - Running wrapper with arguments (<__main__.RandomForestModel object at 0x0000023115C89D60>,    feature1  feature2  feature3  feature4
0  0.374540  2.378596  1.068571  0.773856
7  0.866176  0.173258  0.904170  1.169807
2  0.731994  2.123425  0.599406  0.084544
4  0.156019  2.862336  0.296391  1.194115
3  0.598658  0.299509  1.188251  0.991677
6  0.058084  0.346888  0.354275  0.741358, 0    1
7    1
2    0
4    1
3    0
6    1
Name: target, dtype: int64) {}
2025-01-12 13:43:59,227 - INFO - wrapper completed successfully.
2025-01-12 13:43:59,229 - INFO - Running evaluate with arguments (<__main__.RandomForestModel object at 0x0000023115C89D60>,    feature1  feature2  feature3  feature4
1  0.950714  0.405175  0.836367  0.046878
5  0.155995  1.220905  1.526876  0.953861, 1    0
5    0
Name: target, dtype: int64) {}
2025-01-12 13:43:59,231 - INFO - Running wrapper with arguments (<__main__.RandomForestModel object at 0x0000023115C89D60>,    feature1  feature2  feature3  feature4
1  0.950714  0.405175  0.836367  0.046878
5  0.155995  1.220905  1.526876  0.953861) {}
2025-01-12 13:43:59,238 - INFO - wrapper completed successfully.
2025-01-12 13:43:59,239 - INFO - evaluate completed successfully.
2025-01-12 13:43:59,241 - INFO - Running wrapper with arguments (<__main__.SVMModel object at 0x00000231158567B0>,    feature1  feature2  feature3  feature4
0  0.374540  2.378596  1.068571  0.773856
7  0.866176  0.173258  0.904170  1.169807
2  0.731994  2.123425  0.599406  0.084544
4  0.156019  2.862336  0.296391  1.194115
3  0.598658  0.299509  1.188251  0.991677
6  0.058084  0.346888  0.354275  0.741358, 0    1
7    1
2    0
4    1
3    0
6    1
Name: target, dtype: int64) {}
2025-01-12 13:43:59,243 - INFO - wrapper completed successfully.
2025-01-12 13:43:59,244 - INFO - Running wrapper with arguments (<__main__.SVMModel object at 0x00000231158567B0>,    feature1  feature2  feature3  feature4
1  0.950714  0.405175  0.836367  0.046878
5  0.155995  1.220905  1.526876  0.953861) {}
2025-01-12 13:43:59,246 - INFO - wrapper completed successfully.
2025-01-12 14:04:12,020 - INFO - Running load_data with arguments (<__main__.DataPipeline object at 0x0000023116162120>,) {}
2025-01-12 14:04:12,026 - INFO - load_data completed successfully.
2025-01-12 14:04:12,026 - INFO - Running preprocess_data with arguments (<__main__.DataPipeline object at 0x0000023116162120>,) {}
2025-01-12 14:04:12,027 - INFO - preprocess_data completed successfully.
2025-01-12 14:04:12,027 - INFO - Running split_data with arguments (<__main__.DataPipeline object at 0x0000023116162120>,) {'test_size': 0.2}
2025-01-12 14:04:12,030 - INFO - split_data completed successfully.
2025-01-12 14:04:12,033 - INFO - Running wrapper with arguments (<__main__.RandomForestModel object at 0x00000231165805C0>,    feature1  feature2  feature3  feature4
0  0.374540  2.378596  1.068571  0.773856
7  0.866176  0.173258  0.904170  1.169807
2  0.731994  2.123425  0.599406  0.084544
4  0.156019  2.862336  0.296391  1.194115
3  0.598658  0.299509  1.188251  0.991677
6  0.058084  0.346888  0.354275  0.741358, 0    1
7    1
2    0
4    1
3    0
6    1
Name: target, dtype: int64) {}
2025-01-12 14:04:12,176 - INFO - wrapper completed successfully.
2025-01-12 14:04:12,178 - INFO - Running evaluate with arguments (<__main__.RandomForestModel object at 0x00000231165805C0>,    feature1  feature2  feature3  feature4
1  0.950714  0.405175  0.836367  0.046878
5  0.155995  1.220905  1.526876  0.953861, 1    0
5    0
Name: target, dtype: int64) {}
2025-01-12 14:04:12,179 - INFO - Running wrapper with arguments (<__main__.RandomForestModel object at 0x00000231165805C0>,    feature1  feature2  feature3  feature4
1  0.950714  0.405175  0.836367  0.046878
5  0.155995  1.220905  1.526876  0.953861) {}
2025-01-12 14:04:12,186 - INFO - wrapper completed successfully.
2025-01-12 14:04:12,187 - INFO - evaluate completed successfully.
2025-01-12 14:04:12,189 - INFO - Running wrapper with arguments (<__main__.SVMModel object at 0x00000231147F1580>,    feature1  feature2  feature3  feature4
0  0.374540  2.378596  1.068571  0.773856
7  0.866176  0.173258  0.904170  1.169807
2  0.731994  2.123425  0.599406  0.084544
4  0.156019  2.862336  0.296391  1.194115
3  0.598658  0.299509  1.188251  0.991677
6  0.058084  0.346888  0.354275  0.741358, 0    1
7    1
2    0
4    1
3    0
6    1
Name: target, dtype: int64) {}
2025-01-12 14:04:12,190 - INFO - wrapper completed successfully.
2025-01-12 14:04:12,192 - INFO - Running wrapper with arguments (<__main__.SVMModel object at 0x00000231147F1580>,    feature1  feature2  feature3  feature4
1  0.950714  0.405175  0.836367  0.046878
5  0.155995  1.220905  1.526876  0.953861) {}
2025-01-12 14:04:12,193 - INFO - wrapper completed successfully.
2025-01-12 14:05:39,397 - INFO - Running load_data with arguments (<__main__.DataPipeline object at 0x0000023115C5D610>,) {}
2025-01-12 14:05:39,403 - INFO - load_data completed successfully.
2025-01-12 14:05:39,403 - INFO - Running preprocess_data with arguments (<__main__.DataPipeline object at 0x0000023115C5D610>,) {}
2025-01-12 14:05:39,405 - INFO - preprocess_data completed successfully.
2025-01-12 14:05:39,405 - INFO - Running split_data with arguments (<__main__.DataPipeline object at 0x0000023115C5D610>,) {'test_size': 0.2}
2025-01-12 14:05:39,406 - INFO - split_data completed successfully.
2025-01-12 14:05:39,410 - INFO - Running wrapper with arguments (<__main__.RandomForestModel object at 0x00000231164F97C0>,    feature1  feature2  feature3  feature4
0  0.374540  2.378596  1.068571  0.773856
7  0.866176  0.173258  0.904170  1.169807
2  0.731994  2.123425  0.599406  0.084544
4  0.156019  2.862336  0.296391  1.194115
3  0.598658  0.299509  1.188251  0.991677
6  0.058084  0.346888  0.354275  0.741358, 0    1
7    1
2    0
4    1
3    0
6    1
Name: target, dtype: int64) {}
2025-01-12 14:05:39,585 - INFO - wrapper completed successfully.
2025-01-12 14:05:39,587 - INFO - Running evaluate with arguments (<__main__.RandomForestModel object at 0x00000231164F97C0>,    feature1  feature2  feature3  feature4
1  0.950714  0.405175  0.836367  0.046878
5  0.155995  1.220905  1.526876  0.953861, 1    0
5    0
Name: target, dtype: int64) {}
2025-01-12 14:05:39,589 - INFO - Running wrapper with arguments (<__main__.RandomForestModel object at 0x00000231164F97C0>,    feature1  feature2  feature3  feature4
1  0.950714  0.405175  0.836367  0.046878
5  0.155995  1.220905  1.526876  0.953861) {}
2025-01-12 14:05:39,596 - INFO - wrapper completed successfully.
2025-01-12 14:05:39,597 - INFO - evaluate completed successfully.
2025-01-12 14:05:39,599 - INFO - Running wrapper with arguments (<__main__.SVMModel object at 0x00000231164F9A30>,    feature1  feature2  feature3  feature4
0  0.374540  2.378596  1.068571  0.773856
7  0.866176  0.173258  0.904170  1.169807
2  0.731994  2.123425  0.599406  0.084544
4  0.156019  2.862336  0.296391  1.194115
3  0.598658  0.299509  1.188251  0.991677
6  0.058084  0.346888  0.354275  0.741358, 0    1
7    1
2    0
4    1
3    0
6    1
Name: target, dtype: int64) {}
2025-01-12 14:05:39,600 - INFO - wrapper completed successfully.
2025-01-12 14:05:39,602 - INFO - Running wrapper with arguments (<__main__.SVMModel object at 0x00000231164F9A30>,    feature1  feature2  feature3  feature4
1  0.950714  0.405175  0.836367  0.046878
5  0.155995  1.220905  1.526876  0.953861) {}
2025-01-12 14:05:39,603 - INFO - wrapper completed successfully.
2025-01-12 14:35:45,806 - INFO - Running load_data with arguments (<__main__.DataPipeline object at 0x000001C037F2DA00>,) {}
2025-01-12 14:35:45,814 - INFO - load_data completed successfully.
2025-01-12 14:35:45,814 - INFO - Running preprocess_data with arguments (<__main__.DataPipeline object at 0x000001C037F2DA00>,) {}
2025-01-12 14:35:45,815 - INFO - preprocess_data completed successfully.
2025-01-12 14:35:45,815 - INFO - Running split_data with arguments (<__main__.DataPipeline object at 0x000001C037F2DA00>,) {'test_size': 0.2}
2025-01-12 14:35:45,819 - INFO - split_data completed successfully.
2025-01-12 14:35:45,824 - INFO - Running wrapper with arguments (<__main__.RandomForestModel object at 0x000001C038F6B260>,    feature1  feature2  feature3  feature4
0  0.374540  2.378596  1.068571  0.773856
7  0.866176  0.173258  0.904170  1.169807
2  0.731994  2.123425  0.599406  0.084544
4  0.156019  2.862336  0.296391  1.194115
3  0.598658  0.299509  1.188251  0.991677
6  0.058084  0.346888  0.354275  0.741358, 0    1
7    1
2    0
4    1
3    0
6    1
Name: target, dtype: int64) {}
2025-01-12 14:35:45,956 - INFO - wrapper completed successfully.
2025-01-12 14:35:45,957 - INFO - Running evaluate with arguments (<__main__.RandomForestModel object at 0x000001C038F6B260>,    feature1  feature2  feature3  feature4
1  0.950714  0.405175  0.836367  0.046878
5  0.155995  1.220905  1.526876  0.953861, 1    0
5    0
Name: target, dtype: int64) {}
2025-01-12 14:35:45,959 - INFO - Running wrapper with arguments (<__main__.RandomForestModel object at 0x000001C038F6B260>,    feature1  feature2  feature3  feature4
1  0.950714  0.405175  0.836367  0.046878
5  0.155995  1.220905  1.526876  0.953861) {}
2025-01-12 14:35:45,966 - INFO - wrapper completed successfully.
2025-01-12 14:35:45,967 - INFO - evaluate completed successfully.
2025-01-12 14:35:45,968 - INFO - Running wrapper with arguments (<__main__.SVMModel object at 0x000001C0385D19D0>,    feature1  feature2  feature3  feature4
0  0.374540  2.378596  1.068571  0.773856
7  0.866176  0.173258  0.904170  1.169807
2  0.731994  2.123425  0.599406  0.084544
4  0.156019  2.862336  0.296391  1.194115
3  0.598658  0.299509  1.188251  0.991677
6  0.058084  0.346888  0.354275  0.741358, 0    1
7    1
2    0
4    1
3    0
6    1
Name: target, dtype: int64) {}
2025-01-12 14:35:45,970 - INFO - wrapper completed successfully.
2025-01-12 14:35:45,971 - INFO - Running wrapper with arguments (<__main__.SVMModel object at 0x000001C0385D19D0>,    feature1  feature2  feature3  feature4
1  0.950714  0.405175  0.836367  0.046878
5  0.155995  1.220905  1.526876  0.953861) {}
2025-01-12 14:35:45,972 - INFO - wrapper completed successfully.
2025-01-13 11:11:53,924 - INFO - Running load_data with arguments (<__main__.DataPipeline object at 0x000001C039257710>,) {}
2025-01-13 11:11:53,968 - INFO - load_data completed successfully.
2025-01-13 11:11:53,968 - INFO - Running preprocess_data with arguments (<__main__.DataPipeline object at 0x000001C039257710>,) {}
2025-01-13 11:11:53,970 - INFO - preprocess_data completed successfully.
2025-01-13 11:11:53,970 - INFO - Running split_data with arguments (<__main__.DataPipeline object at 0x000001C039257710>,) {'test_size': 0.2}
2025-01-13 11:11:53,980 - INFO - split_data completed successfully.
2025-01-13 11:11:53,989 - INFO - Running wrapper with arguments (<__main__.RandomForestModel object at 0x000001C038F69250>,    feature1  feature2  feature3  feature4
0  0.374540  2.378596  1.068571  0.773856
7  0.866176  0.173258  0.904170  1.169807
2  0.731994  2.123425  0.599406  0.084544
4  0.156019  2.862336  0.296391  1.194115
3  0.598658  0.299509  1.188251  0.991677
6  0.058084  0.346888  0.354275  0.741358, 0    1
7    1
2    0
4    1
3    0
6    1
Name: target, dtype: int64) {}
2025-01-13 11:11:54,138 - INFO - wrapper completed successfully.
2025-01-13 11:11:54,140 - INFO - Running evaluate with arguments (<__main__.RandomForestModel object at 0x000001C038F69250>,    feature1  feature2  feature3  feature4
1  0.950714  0.405175  0.836367  0.046878
5  0.155995  1.220905  1.526876  0.953861, 1    0
5    0
Name: target, dtype: int64) {}
2025-01-13 11:11:54,141 - INFO - Running wrapper with arguments (<__main__.RandomForestModel object at 0x000001C038F69250>,    feature1  feature2  feature3  feature4
1  0.950714  0.405175  0.836367  0.046878
5  0.155995  1.220905  1.526876  0.953861) {}
2025-01-13 11:11:54,148 - INFO - wrapper completed successfully.
2025-01-13 11:11:54,149 - INFO - evaluate completed successfully.
2025-01-13 11:11:54,152 - INFO - Running wrapper with arguments (<__main__.SVMModel object at 0x000001C038F42F60>,    feature1  feature2  feature3  feature4
0  0.374540  2.378596  1.068571  0.773856
7  0.866176  0.173258  0.904170  1.169807
2  0.731994  2.123425  0.599406  0.084544
4  0.156019  2.862336  0.296391  1.194115
3  0.598658  0.299509  1.188251  0.991677
6  0.058084  0.346888  0.354275  0.741358, 0    1
7    1
2    0
4    1
3    0
6    1
Name: target, dtype: int64) {}
2025-01-13 11:11:54,154 - INFO - wrapper completed successfully.
2025-01-13 11:11:54,156 - INFO - Running wrapper with arguments (<__main__.SVMModel object at 0x000001C038F42F60>,    feature1  feature2  feature3  feature4
1  0.950714  0.405175  0.836367  0.046878
5  0.155995  1.220905  1.526876  0.953861) {}
2025-01-13 11:11:54,157 - INFO - wrapper completed successfully.
2025-01-13 11:14:46,856 - INFO - Running load_data with arguments (<__main__.DataPipeline object at 0x000001C0388B0AA0>,) {}
2025-01-13 11:14:46,861 - INFO - load_data completed successfully.
2025-01-13 11:14:46,861 - INFO - Running preprocess_data with arguments (<__main__.DataPipeline object at 0x000001C0388B0AA0>,) {}
2025-01-13 11:14:46,861 - INFO - preprocess_data completed successfully.
2025-01-13 11:14:46,862 - INFO - Running split_data with arguments (<__main__.DataPipeline object at 0x000001C0388B0AA0>,) {'test_size': 0.2}
2025-01-13 11:14:46,864 - INFO - split_data completed successfully.
2025-01-13 11:14:46,867 - INFO - Running wrapper with arguments (<__main__.RandomForestModel object at 0x000001C038F1AC90>,    feature1  feature2  feature3  feature4
0  0.374540  2.378596  1.068571  0.773856
7  0.866176  0.173258  0.904170  1.169807
2  0.731994  2.123425  0.599406  0.084544
4  0.156019  2.862336  0.296391  1.194115
3  0.598658  0.299509  1.188251  0.991677
6  0.058084  0.346888  0.354275  0.741358, 0    1
7    1
2    0
4    1
3    0
6    1
Name: target, dtype: int64) {}
2025-01-13 11:14:47,058 - INFO - wrapper completed successfully.
2025-01-13 11:14:47,060 - INFO - Running evaluate with arguments (<__main__.RandomForestModel object at 0x000001C038F1AC90>,    feature1  feature2  feature3  feature4
1  0.950714  0.405175  0.836367  0.046878
5  0.155995  1.220905  1.526876  0.953861, 1    0
5    0
Name: target, dtype: int64) {}
2025-01-13 11:14:47,062 - INFO - Running wrapper with arguments (<__main__.RandomForestModel object at 0x000001C038F1AC90>,    feature1  feature2  feature3  feature4
1  0.950714  0.405175  0.836367  0.046878
5  0.155995  1.220905  1.526876  0.953861) {}
2025-01-13 11:14:47,069 - INFO - wrapper completed successfully.
2025-01-13 11:14:47,070 - INFO - evaluate completed successfully.
2025-01-13 11:14:47,072 - INFO - Running wrapper with arguments (<__main__.SVMModel object at 0x000001C039262090>,    feature1  feature2  feature3  feature4
0  0.374540  2.378596  1.068571  0.773856
7  0.866176  0.173258  0.904170  1.169807
2  0.731994  2.123425  0.599406  0.084544
4  0.156019  2.862336  0.296391  1.194115
3  0.598658  0.299509  1.188251  0.991677
6  0.058084  0.346888  0.354275  0.741358, 0    1
7    1
2    0
4    1
3    0
6    1
Name: target, dtype: int64) {}
2025-01-13 11:14:47,074 - INFO - wrapper completed successfully.
2025-01-13 11:14:47,076 - INFO - Running wrapper with arguments (<__main__.SVMModel object at 0x000001C039262090>,    feature1  feature2  feature3  feature4
1  0.950714  0.405175  0.836367  0.046878
5  0.155995  1.220905  1.526876  0.953861) {}
2025-01-13 11:14:47,076 - INFO - wrapper completed successfully.
2025-01-13 11:20:29,127 - INFO - Running load_data with arguments (<__main__.DataPipeline object at 0x000001C03926B080>,) {}
2025-01-13 11:20:29,130 - INFO - load_data completed successfully.
2025-01-13 11:20:29,131 - INFO - Running preprocess_data with arguments (<__main__.DataPipeline object at 0x000001C03926B080>,) {}
2025-01-13 11:20:29,132 - INFO - preprocess_data completed successfully.
2025-01-13 11:20:29,133 - INFO - Running split_data with arguments (<__main__.DataPipeline object at 0x000001C03926B080>,) {'test_size': 0.2}
2025-01-13 11:20:29,135 - INFO - split_data completed successfully.
2025-01-13 11:20:29,140 - INFO - Running wrapper with arguments (<__main__.RandomForestModel object at 0x000001C038FC0E90>,    feature1  feature2  feature3  feature4
0  0.374540  2.378596  1.068571  0.773856
7  0.866176  0.173258  0.904170  1.169807
2  0.731994  2.123425  0.599406  0.084544
4  0.156019  2.862336  0.296391  1.194115
3  0.598658  0.299509  1.188251  0.991677
6  0.058084  0.346888  0.354275  0.741358, 0    1
7    1
2    0
4    1
3    0
6    1
Name: target, dtype: int64) {}
2025-01-13 11:20:29,336 - INFO - wrapper completed successfully.
2025-01-13 11:20:29,338 - INFO - Running evaluate with arguments (<__main__.RandomForestModel object at 0x000001C038FC0E90>,    feature1  feature2  feature3  feature4
1  0.950714  0.405175  0.836367  0.046878
5  0.155995  1.220905  1.526876  0.953861, 1    0
5    0
Name: target, dtype: int64) {}
2025-01-13 11:20:29,339 - INFO - Running wrapper with arguments (<__main__.RandomForestModel object at 0x000001C038FC0E90>,    feature1  feature2  feature3  feature4
1  0.950714  0.405175  0.836367  0.046878
5  0.155995  1.220905  1.526876  0.953861) {}
2025-01-13 11:20:29,349 - INFO - wrapper completed successfully.
2025-01-13 11:20:29,349 - INFO - evaluate completed successfully.
2025-01-13 11:20:29,351 - INFO - Running wrapper with arguments (<__main__.SVMModel object at 0x000001C038F2C2C0>,    feature1  feature2  feature3  feature4
0  0.374540  2.378596  1.068571  0.773856
7  0.866176  0.173258  0.904170  1.169807
2  0.731994  2.123425  0.599406  0.084544
4  0.156019  2.862336  0.296391  1.194115
3  0.598658  0.299509  1.188251  0.991677
6  0.058084  0.346888  0.354275  0.741358, 0    1
7    1
2    0
4    1
3    0
6    1
Name: target, dtype: int64) {}
2025-01-13 11:20:29,353 - INFO - wrapper completed successfully.
2025-01-13 11:20:29,354 - INFO - Running wrapper with arguments (<__main__.SVMModel object at 0x000001C038F2C2C0>,    feature1  feature2  feature3  feature4
1  0.950714  0.405175  0.836367  0.046878
5  0.155995  1.220905  1.526876  0.953861) {}
2025-01-13 11:20:29,355 - INFO - wrapper completed successfully.
